ruby 3.1.1p18 (2022-02-18 revision 53f5fc4236) [x86_64-linux-musl]
Configuration file: /srv/jekyll/_config.yml
            Source: /srv/jekyll
       Destination: /srv/jekyll/_site
 Incremental build: disabled. Enable with --incremental
      Generating... 
jekyll 3.10.0 | Error:  Permission denied @ rb_sysopen - /srv/jekyll/nohup.out
/usr/gem/gems/jekyll-3.10.0/lib/jekyll/utils.rb:146:in `initialize': Permission denied @ rb_sysopen - /srv/jekyll/nohup.out (Errno::EACCES)
	from /usr/gem/gems/jekyll-3.10.0/lib/jekyll/utils.rb:146:in `open'
	from /usr/gem/gems/jekyll-3.10.0/lib/jekyll/utils.rb:146:in `has_yaml_header?'
	from /usr/gem/gems/jekyll-3.10.0/lib/jekyll/reader.rb:46:in `block in read_directories'
	from /usr/gem/gems/jekyll-3.10.0/lib/jekyll/reader.rb:45:in `select'
	from /usr/gem/gems/jekyll-3.10.0/lib/jekyll/reader.rb:45:in `read_directories'
	from /usr/gem/gems/jekyll-3.10.0/lib/jekyll/reader.rb:16:in `read'
	from /usr/gem/gems/jekyll-3.10.0/lib/jekyll/site.rb:164:in `read'
	from /usr/gem/gems/jekyll-3.10.0/lib/jekyll/site.rb:69:in `process'
	from /usr/gem/gems/jekyll-3.10.0/lib/jekyll/command.rb:28:in `process_site'
	from /usr/gem/gems/jekyll-3.10.0/lib/jekyll/commands/build.rb:65:in `build'
	from /usr/gem/gems/jekyll-3.10.0/lib/jekyll/commands/build.rb:36:in `process'
	from /usr/gem/gems/jekyll-3.10.0/lib/jekyll/commands/serve.rb:93:in `block in start'
	from /usr/gem/gems/jekyll-3.10.0/lib/jekyll/commands/serve.rb:93:in `each'
	from /usr/gem/gems/jekyll-3.10.0/lib/jekyll/commands/serve.rb:93:in `start'
	from /usr/gem/gems/jekyll-3.10.0/lib/jekyll/commands/serve.rb:75:in `block (2 levels) in init_with_program'
	from /usr/gem/gems/mercenary-0.3.6/lib/mercenary/command.rb:220:in `block in execute'
	from /usr/gem/gems/mercenary-0.3.6/lib/mercenary/command.rb:220:in `each'
	from /usr/gem/gems/mercenary-0.3.6/lib/mercenary/command.rb:220:in `execute'
	from /usr/gem/gems/mercenary-0.3.6/lib/mercenary/program.rb:42:in `go'
	from /usr/gem/gems/mercenary-0.3.6/lib/mercenary.rb:19:in `program'
	from /usr/gem/gems/jekyll-3.10.0/exe/jekyll:15:in `<top (required)>'
	from /usr/local/bundle/bin/jekyll:27:in `load'
	from /usr/local/bundle/bin/jekyll:27:in `<main>'
ruby 3.1.1p18 (2022-02-18 revision 53f5fc4236) [x86_64-linux-musl]
Configuration file: /srv/jekyll/_config.yml
            Source: /srv/jekyll
       Destination: /srv/jekyll/_site
 Incremental build: disabled. Enable with --incremental
      Generating... 
       Jekyll Feed: Generating feed for posts
                    done in 9.705 seconds.
[33m                    Auto-regeneration may not work on some Windows versions.[0m
[33m                    Please see: https://github.com/Microsoft/BashOnWindows/issues/216[0m
[33m                    If it does not work, please upgrade Bash on Windows or run Jekyll with --no-watch.[0m
 Auto-regeneration: enabled for '/srv/jekyll'
    Server address: http://0.0.0.0:4000/
  Server running... press ctrl-c to stop.
